  Word.cpp
  Symbol.cpp
  MouseControl.cpp
c:\users\karl\google drive\kurser\object oriented programming dv1537\fallouthacking\fallouthacking\filemanager.h(24): warning C4091: 'static ': ignored on left of 'FileManager' when no variable is declared
c:\users\karl\google drive\kurser\object oriented programming dv1537\fallouthacking\fallouthacking\mousecontrol.h(21): warning C4091: 'static ': ignored on left of 'MouseControl' when no variable is declared
c:\users\karl\google drive\kurser\object oriented programming dv1537\fallouthacking\fallouthacking\mousecontrol.cpp(89): warning C4244: 'argument': conversion from 'double' to 'float', possible loss of data
c:\users\karl\google drive\kurser\object oriented programming dv1537\fallouthacking\fallouthacking\mousecontrol.cpp(94): warning C4244: 'argument': conversion from 'double' to 'float', possible loss of data
c:\users\karl\google drive\kurser\object oriented programming dv1537\fallouthacking\fallouthacking\mousecontrol.cpp(107): warning C4244: 'argument': conversion from 'double' to 'float', possible loss of data
c:\users\karl\google drive\kurser\object oriented programming dv1537\fallouthacking\fallouthacking\mousecontrol.cpp(112): warning C4244: 'argument': conversion from 'double' to 'float', possible loss of data
c:\users\karl\google drive\kurser\object oriented programming dv1537\fallouthacking\fallouthacking\mousecontrol.cpp(125): warning C4244: 'argument': conversion from 'double' to 'float', possible loss of data
c:\users\karl\google drive\kurser\object oriented programming dv1537\fallouthacking\fallouthacking\mousecontrol.cpp(130): warning C4244: 'argument': conversion from 'double' to 'float', possible loss of data
c:\users\karl\google drive\kurser\object oriented programming dv1537\fallouthacking\fallouthacking\mousecontrol.cpp(147): warning C4244: 'argument': conversion from 'double' to 'float', possible loss of data
c:\users\karl\google drive\kurser\object oriented programming dv1537\fallouthacking\fallouthacking\mousecontrol.cpp(152): warning C4244: 'argument': conversion from 'double' to 'float', possible loss of data
c:\users\karl\google drive\kurser\object oriented programming dv1537\fallouthacking\fallouthacking\mousecontrol.cpp(181): warning C4244: 'argument': conversion from 'double' to 'float', possible loss of data
c:\users\karl\google drive\kurser\object oriented programming dv1537\fallouthacking\fallouthacking\mousecontrol.cpp(182): warning C4244: 'argument': conversion from 'double' to 'float', possible loss of data
c:\users\karl\google drive\kurser\object oriented programming dv1537\fallouthacking\fallouthacking\mousecontrol.cpp(206): warning C4244: 'argument': conversion from 'double' to 'float', possible loss of data
c:\users\karl\google drive\kurser\object oriented programming dv1537\fallouthacking\fallouthacking\mousecontrol.cpp(207): warning C4244: 'argument': conversion from 'double' to 'float', possible loss of data
c:\users\karl\google drive\kurser\object oriented programming dv1537\fallouthacking\fallouthacking\mousecontrol.cpp(224): warning C4244: 'argument': conversion from 'double' to 'float', possible loss of data
c:\users\karl\google drive\kurser\object oriented programming dv1537\fallouthacking\fallouthacking\mousecontrol.cpp(228): warning C4244: 'argument': conversion from 'double' to 'float', possible loss of data
c:\users\karl\google drive\kurser\object oriented programming dv1537\fallouthacking\fallouthacking\mousecontrol.cpp(248): warning C4244: 'argument': conversion from 'double' to 'float', possible loss of data
c:\users\karl\google drive\kurser\object oriented programming dv1537\fallouthacking\fallouthacking\mousecontrol.cpp(249): warning C4244: 'argument': conversion from 'double' to 'float', possible loss of data
c:\users\karl\google drive\kurser\object oriented programming dv1537\fallouthacking\fallouthacking\mousecontrol.cpp(269): warning C4244: 'argument': conversion from 'double' to 'float', possible loss of data
c:\users\karl\google drive\kurser\object oriented programming dv1537\fallouthacking\fallouthacking\mousecontrol.cpp(270): warning C4244: 'argument': conversion from 'double' to 'float', possible loss of data
c:\users\karl\google drive\kurser\object oriented programming dv1537\fallouthacking\fallouthacking\mousecontrol.cpp(303): warning C4244: 'argument': conversion from 'double' to 'float', possible loss of data
c:\users\karl\google drive\kurser\object oriented programming dv1537\fallouthacking\fallouthacking\mousecontrol.cpp(307): warning C4244: 'argument': conversion from 'double' to 'float', possible loss of data
c:\users\karl\google drive\kurser\object oriented programming dv1537\fallouthacking\fallouthacking\mousecontrol.cpp(319): warning C4244: 'argument': conversion from 'double' to 'float', possible loss of data
c:\users\karl\google drive\kurser\object oriented programming dv1537\fallouthacking\fallouthacking\mousecontrol.cpp(323): warning C4244: 'argument': conversion from 'double' to 'float', possible loss of data
c:\users\karl\google drive\kurser\object oriented programming dv1537\fallouthacking\fallouthacking\mousecontrol.cpp(335): warning C4244: 'argument': conversion from 'double' to 'float', possible loss of data
c:\users\karl\google drive\kurser\object oriented programming dv1537\fallouthacking\fallouthacking\mousecontrol.cpp(339): warning C4244: 'argument': conversion from 'double' to 'float', possible loss of data
c:\users\karl\google drive\kurser\object oriented programming dv1537\fallouthacking\fallouthacking\mousecontrol.cpp(354): warning C4244: 'argument': conversion from 'double' to 'float', possible loss of data
c:\users\karl\google drive\kurser\object oriented programming dv1537\fallouthacking\fallouthacking\mousecontrol.cpp(358): warning C4244: 'argument': conversion from 'double' to 'float', possible loss of data
c:\users\karl\google drive\kurser\object oriented programming dv1537\fallouthacking\fallouthacking\mousecontrol.cpp(380): warning C4244: 'argument': conversion from 'double' to 'float', possible loss of data
c:\users\karl\google drive\kurser\object oriented programming dv1537\fallouthacking\fallouthacking\mousecontrol.cpp(381): warning C4244: 'argument': conversion from 'double' to 'float', possible loss of data
c:\users\karl\google drive\kurser\object oriented programming dv1537\fallouthacking\fallouthacking\mousecontrol.cpp(403): warning C4244: 'argument': conversion from 'double' to 'float', possible loss of data
c:\users\karl\google drive\kurser\object oriented programming dv1537\fallouthacking\fallouthacking\mousecontrol.cpp(404): warning C4244: 'argument': conversion from 'double' to 'float', possible loss of data
c:\users\karl\google drive\kurser\object oriented programming dv1537\fallouthacking\fallouthacking\mousecontrol.cpp(422): warning C4244: 'argument': conversion from 'double' to 'float', possible loss of data
c:\users\karl\google drive\kurser\object oriented programming dv1537\fallouthacking\fallouthacking\mousecontrol.cpp(423): warning C4244: 'argument': conversion from 'double' to 'float', possible loss of data
c:\users\karl\google drive\kurser\object oriented programming dv1537\fallouthacking\fallouthacking\mousecontrol.cpp(441): warning C4244: 'argument': conversion from 'double' to 'float', possible loss of data
c:\users\karl\google drive\kurser\object oriented programming dv1537\fallouthacking\fallouthacking\mousecontrol.cpp(445): warning C4244: 'argument': conversion from 'double' to 'float', possible loss of data
c:\users\karl\google drive\kurser\object oriented programming dv1537\fallouthacking\fallouthacking\mousecontrol.cpp(460): warning C4244: 'argument': conversion from 'double' to 'float', possible loss of data
c:\users\karl\google drive\kurser\object oriented programming dv1537\fallouthacking\fallouthacking\mousecontrol.cpp(461): warning C4244: 'argument': conversion from 'double' to 'float', possible loss of data
  Main.cpp
c:\users\karl\google drive\kurser\object oriented programming dv1537\fallouthacking\fallouthacking\filemanager.h(24): warning C4091: 'static ': ignored on left of 'FileManager' when no variable is declared
c:\users\karl\google drive\kurser\object oriented programming dv1537\fallouthacking\fallouthacking\mousecontrol.h(21): warning C4091: 'static ': ignored on left of 'MouseControl' when no variable is declared
c:\users\karl\google drive\kurser\object oriented programming dv1537\fallouthacking\fallouthacking\main.cpp(563): warning C4244: 'argument': conversion from 'int' to 'float', possible loss of data
c:\users\karl\google drive\kurser\object oriented programming dv1537\fallouthacking\fallouthacking\main.cpp(566): warning C4244: 'argument': conversion from 'int' to 'float', possible loss of data
c:\users\karl\google drive\kurser\object oriented programming dv1537\fallouthacking\fallouthacking\main.cpp(590): warning C4244: 'argument': conversion from 'int' to 'float', possible loss of data
c:\users\karl\google drive\kurser\object oriented programming dv1537\fallouthacking\fallouthacking\main.cpp(768): warning C4244: 'argument': conversion from 'double' to 'float', possible loss of data
c:\users\karl\google drive\kurser\object oriented programming dv1537\fallouthacking\fallouthacking\main.cpp(773): warning C4244: 'argument': conversion from 'double' to 'float', possible loss of data
c:\users\karl\google drive\kurser\object oriented programming dv1537\fallouthacking\fallouthacking\main.cpp(779): warning C4244: 'argument': conversion from 'double' to 'float', possible loss of data
c:\users\karl\google drive\kurser\object oriented programming dv1537\fallouthacking\fallouthacking\main.cpp(784): warning C4244: 'argument': conversion from 'double' to 'float', possible loss of data
c:\users\karl\google drive\kurser\object oriented programming dv1537\fallouthacking\fallouthacking\main.cpp(789): warning C4244: 'argument': conversion from 'double' to 'float', possible loss of data
c:\users\karl\google drive\kurser\object oriented programming dv1537\fallouthacking\fallouthacking\main.cpp(794): warning C4244: 'argument': conversion from 'double' to 'float', possible loss of data
  HackingHandler.cpp
c:\users\karl\google drive\kurser\object oriented programming dv1537\fallouthacking\fallouthacking\filemanager.h(24): warning C4091: 'static ': ignored on left of 'FileManager' when no variable is declared
  FileManager.cpp
c:\users\karl\google drive\kurser\object oriented programming dv1537\fallouthacking\fallouthacking\filemanager.h(24): warning C4091: 'static ': ignored on left of 'FileManager' when no variable is declared
  Character.cpp
  Generating Code...
  FalloutHacking.vcxproj -> C:\Users\Karl\Google Drive\Kurser\Object Oriented Programming DV1537\FalloutHacking\x64\Debug\FalloutHacking.exe
  FalloutHacking.vcxproj -> C:\Users\Karl\Google Drive\Kurser\Object Oriented Programming DV1537\FalloutHacking\x64\Debug\FalloutHacking.pdb (Partial PDB)
