  Character.cpp
  FileManager.cpp
c:\users\karl\google drive\kurser\object oriented programming dv1537\fallouthacking\fallouthacking\FileManager.h(24): warning C4091: 'static ': ignored on left of 'FileManager' when no variable is declared
  HackingHandler.cpp
c:\users\karl\google drive\kurser\object oriented programming dv1537\fallouthacking\fallouthacking\FileManager.h(24): warning C4091: 'static ': ignored on left of 'FileManager' when no variable is declared
  Main.cpp
c:\users\karl\google drive\kurser\object oriented programming dv1537\fallouthacking\fallouthacking\FileManager.h(24): warning C4091: 'static ': ignored on left of 'FileManager' when no variable is declared
c:\users\karl\google drive\kurser\object oriented programming dv1537\fallouthacking\fallouthacking\MouseControl.h(21): warning C4091: 'static ': ignored on left of 'MouseControl' when no variable is declared
Main.cpp(334): error C4996: 'sf::Text::setColor': was declared deprecated
  C:\Users\Karl\Google Drive\Kurser\Object Oriented Programming DV1537\FalloutHacking\FalloutHacking\lib\SFML\include\SFML/Graphics/Text.hpp(177): note: see declaration of 'sf::Text::setColor'
Main.cpp(342): error C4996: 'sf::Text::setColor': was declared deprecated
  C:\Users\Karl\Google Drive\Kurser\Object Oriented Programming DV1537\FalloutHacking\FalloutHacking\lib\SFML\include\SFML/Graphics/Text.hpp(177): note: see declaration of 'sf::Text::setColor'
Main.cpp(359): error C4996: 'sf::Text::setColor': was declared deprecated
  C:\Users\Karl\Google Drive\Kurser\Object Oriented Programming DV1537\FalloutHacking\FalloutHacking\lib\SFML\include\SFML/Graphics/Text.hpp(177): note: see declaration of 'sf::Text::setColor'
Main.cpp(364): error C4996: 'sf::Text::setColor': was declared deprecated
  C:\Users\Karl\Google Drive\Kurser\Object Oriented Programming DV1537\FalloutHacking\FalloutHacking\lib\SFML\include\SFML/Graphics/Text.hpp(177): note: see declaration of 'sf::Text::setColor'
Main.cpp(369): error C4996: 'sf::Text::setColor': was declared deprecated
  C:\Users\Karl\Google Drive\Kurser\Object Oriented Programming DV1537\FalloutHacking\FalloutHacking\lib\SFML\include\SFML/Graphics/Text.hpp(177): note: see declaration of 'sf::Text::setColor'
Main.cpp(374): error C4996: 'sf::Text::setColor': was declared deprecated
  C:\Users\Karl\Google Drive\Kurser\Object Oriented Programming DV1537\FalloutHacking\FalloutHacking\lib\SFML\include\SFML/Graphics/Text.hpp(177): note: see declaration of 'sf::Text::setColor'
Main.cpp(392): error C4996: 'sf::Text::setColor': was declared deprecated
  C:\Users\Karl\Google Drive\Kurser\Object Oriented Programming DV1537\FalloutHacking\FalloutHacking\lib\SFML\include\SFML/Graphics/Text.hpp(177): note: see declaration of 'sf::Text::setColor'
Main.cpp(408): error C4996: 'sf::Text::setColor': was declared deprecated
  C:\Users\Karl\Google Drive\Kurser\Object Oriented Programming DV1537\FalloutHacking\FalloutHacking\lib\SFML\include\SFML/Graphics/Text.hpp(177): note: see declaration of 'sf::Text::setColor'
Main.cpp(425): error C4996: 'sf::Text::setColor': was declared deprecated
  C:\Users\Karl\Google Drive\Kurser\Object Oriented Programming DV1537\FalloutHacking\FalloutHacking\lib\SFML\include\SFML/Graphics/Text.hpp(177): note: see declaration of 'sf::Text::setColor'
Main.cpp(430): error C4996: 'sf::Text::setColor': was declared deprecated
  C:\Users\Karl\Google Drive\Kurser\Object Oriented Programming DV1537\FalloutHacking\FalloutHacking\lib\SFML\include\SFML/Graphics/Text.hpp(177): note: see declaration of 'sf::Text::setColor'
Main.cpp(435): error C4996: 'sf::Text::setColor': was declared deprecated
  C:\Users\Karl\Google Drive\Kurser\Object Oriented Programming DV1537\FalloutHacking\FalloutHacking\lib\SFML\include\SFML/Graphics/Text.hpp(177): note: see declaration of 'sf::Text::setColor'
Main.cpp(441): error C4996: 'sf::Text::setColor': was declared deprecated
  C:\Users\Karl\Google Drive\Kurser\Object Oriented Programming DV1537\FalloutHacking\FalloutHacking\lib\SFML\include\SFML/Graphics/Text.hpp(177): note: see declaration of 'sf::Text::setColor'
Main.cpp(446): error C4996: 'sf::Text::setColor': was declared deprecated
  C:\Users\Karl\Google Drive\Kurser\Object Oriented Programming DV1537\FalloutHacking\FalloutHacking\lib\SFML\include\SFML/Graphics/Text.hpp(177): note: see declaration of 'sf::Text::setColor'
Main.cpp(464): error C4996: 'sf::Text::setColor': was declared deprecated
  C:\Users\Karl\Google Drive\Kurser\Object Oriented Programming DV1537\FalloutHacking\FalloutHacking\lib\SFML\include\SFML/Graphics/Text.hpp(177): note: see declaration of 'sf::Text::setColor'
Main.cpp(469): error C4996: 'sf::Text::setColor': was declared deprecated
  C:\Users\Karl\Google Drive\Kurser\Object Oriented Programming DV1537\FalloutHacking\FalloutHacking\lib\SFML\include\SFML/Graphics/Text.hpp(177): note: see declaration of 'sf::Text::setColor'
Main.cpp(474): error C4996: 'sf::Text::setColor': was declared deprecated
  C:\Users\Karl\Google Drive\Kurser\Object Oriented Programming DV1537\FalloutHacking\FalloutHacking\lib\SFML\include\SFML/Graphics/Text.hpp(177): note: see declaration of 'sf::Text::setColor'
Main.cpp(479): error C4996: 'sf::Text::setColor': was declared deprecated
  C:\Users\Karl\Google Drive\Kurser\Object Oriented Programming DV1537\FalloutHacking\FalloutHacking\lib\SFML\include\SFML/Graphics/Text.hpp(177): note: see declaration of 'sf::Text::setColor'
Main.cpp(485): error C4996: 'sf::Text::setColor': was declared deprecated
  C:\Users\Karl\Google Drive\Kurser\Object Oriented Programming DV1537\FalloutHacking\FalloutHacking\lib\SFML\include\SFML/Graphics/Text.hpp(177): note: see declaration of 'sf::Text::setColor'
Main.cpp(563): warning C4244: 'argument': conversion from 'int' to 'float', possible loss of data
Main.cpp(566): warning C4244: 'argument': conversion from 'int' to 'float', possible loss of data
Main.cpp(590): warning C4244: 'argument': conversion from 'int' to 'float', possible loss of data
Main.cpp(530): error C4996: 'sf::Text::setColor': was declared deprecated
  C:\Users\Karl\Google Drive\Kurser\Object Oriented Programming DV1537\FalloutHacking\FalloutHacking\lib\SFML\include\SFML/Graphics/Text.hpp(177): note: see declaration of 'sf::Text::setColor'
Main.cpp(621): error C4996: 'sf::Text::setColor': was declared deprecated
  C:\Users\Karl\Google Drive\Kurser\Object Oriented Programming DV1537\FalloutHacking\FalloutHacking\lib\SFML\include\SFML/Graphics/Text.hpp(177): note: see declaration of 'sf::Text::setColor'
Main.cpp(626): error C4996: 'sf::Text::setColor': was declared deprecated
  C:\Users\Karl\Google Drive\Kurser\Object Oriented Programming DV1537\FalloutHacking\FalloutHacking\lib\SFML\include\SFML/Graphics/Text.hpp(177): note: see declaration of 'sf::Text::setColor'
Main.cpp(632): error C4996: 'sf::Text::setColor': was declared deprecated
  C:\Users\Karl\Google Drive\Kurser\Object Oriented Programming DV1537\FalloutHacking\FalloutHacking\lib\SFML\include\SFML/Graphics/Text.hpp(177): note: see declaration of 'sf::Text::setColor'
Main.cpp(637): error C4996: 'sf::Text::setColor': was declared deprecated
  C:\Users\Karl\Google Drive\Kurser\Object Oriented Programming DV1537\FalloutHacking\FalloutHacking\lib\SFML\include\SFML/Graphics/Text.hpp(177): note: see declaration of 'sf::Text::setColor'
Main.cpp(643): error C4996: 'sf::Text::setColor': was declared deprecated
  C:\Users\Karl\Google Drive\Kurser\Object Oriented Programming DV1537\FalloutHacking\FalloutHacking\lib\SFML\include\SFML/Graphics/Text.hpp(177): note: see declaration of 'sf::Text::setColor'
Main.cpp(648): error C4996: 'sf::Text::setColor': was declared deprecated
  C:\Users\Karl\Google Drive\Kurser\Object Oriented Programming DV1537\FalloutHacking\FalloutHacking\lib\SFML\include\SFML/Graphics/Text.hpp(177): note: see declaration of 'sf::Text::setColor'
Main.cpp(693): error C4996: 'sf::Text::setColor': was declared deprecated
  C:\Users\Karl\Google Drive\Kurser\Object Oriented Programming DV1537\FalloutHacking\FalloutHacking\lib\SFML\include\SFML/Graphics/Text.hpp(177): note: see declaration of 'sf::Text::setColor'
Main.cpp(698): error C4996: 'sf::Text::setColor': was declared deprecated
  C:\Users\Karl\Google Drive\Kurser\Object Oriented Programming DV1537\FalloutHacking\FalloutHacking\lib\SFML\include\SFML/Graphics/Text.hpp(177): note: see declaration of 'sf::Text::setColor'
Main.cpp(704): error C4996: 'sf::Text::setColor': was declared deprecated
  C:\Users\Karl\Google Drive\Kurser\Object Oriented Programming DV1537\FalloutHacking\FalloutHacking\lib\SFML\include\SFML/Graphics/Text.hpp(177): note: see declaration of 'sf::Text::setColor'
Main.cpp(709): error C4996: 'sf::Text::setColor': was declared deprecated
  C:\Users\Karl\Google Drive\Kurser\Object Oriented Programming DV1537\FalloutHacking\FalloutHacking\lib\SFML\include\SFML/Graphics/Text.hpp(177): note: see declaration of 'sf::Text::setColor'
Main.cpp(715): error C4996: 'sf::Text::setColor': was declared deprecated
  C:\Users\Karl\Google Drive\Kurser\Object Oriented Programming DV1537\FalloutHacking\FalloutHacking\lib\SFML\include\SFML/Graphics/Text.hpp(177): note: see declaration of 'sf::Text::setColor'
Main.cpp(720): error C4996: 'sf::Text::setColor': was declared deprecated
  C:\Users\Karl\Google Drive\Kurser\Object Oriented Programming DV1537\FalloutHacking\FalloutHacking\lib\SFML\include\SFML/Graphics/Text.hpp(177): note: see declaration of 'sf::Text::setColor'
Main.cpp(737): error C4996: 'sf::Text::setColor': was declared deprecated
  C:\Users\Karl\Google Drive\Kurser\Object Oriented Programming DV1537\FalloutHacking\FalloutHacking\lib\SFML\include\SFML/Graphics/Text.hpp(177): note: see declaration of 'sf::Text::setColor'
Main.cpp(742): error C4996: 'sf::Text::setColor': was declared deprecated
  C:\Users\Karl\Google Drive\Kurser\Object Oriented Programming DV1537\FalloutHacking\FalloutHacking\lib\SFML\include\SFML/Graphics/Text.hpp(177): note: see declaration of 'sf::Text::setColor'
Main.cpp(768): warning C4244: 'argument': conversion from 'double' to 'float', possible loss of data
Main.cpp(773): warning C4244: 'argument': conversion from 'double' to 'float', possible loss of data
Main.cpp(779): warning C4244: 'argument': conversion from 'double' to 'float', possible loss of data
Main.cpp(784): warning C4244: 'argument': conversion from 'double' to 'float', possible loss of data
Main.cpp(789): warning C4244: 'argument': conversion from 'double' to 'float', possible loss of data
Main.cpp(794): warning C4244: 'argument': conversion from 'double' to 'float', possible loss of data
Main.cpp(769): error C4996: 'sf::Text::setColor': was declared deprecated
  C:\Users\Karl\Google Drive\Kurser\Object Oriented Programming DV1537\FalloutHacking\FalloutHacking\lib\SFML\include\SFML/Graphics/Text.hpp(177): note: see declaration of 'sf::Text::setColor'
Main.cpp(774): error C4996: 'sf::Text::setColor': was declared deprecated
  C:\Users\Karl\Google Drive\Kurser\Object Oriented Programming DV1537\FalloutHacking\FalloutHacking\lib\SFML\include\SFML/Graphics/Text.hpp(177): note: see declaration of 'sf::Text::setColor'
Main.cpp(778): error C4996: 'sf::Text::setColor': was declared deprecated
  C:\Users\Karl\Google Drive\Kurser\Object Oriented Programming DV1537\FalloutHacking\FalloutHacking\lib\SFML\include\SFML/Graphics/Text.hpp(177): note: see declaration of 'sf::Text::setColor'
Main.cpp(783): error C4996: 'sf::Text::setColor': was declared deprecated
  C:\Users\Karl\Google Drive\Kurser\Object Oriented Programming DV1537\FalloutHacking\FalloutHacking\lib\SFML\include\SFML/Graphics/Text.hpp(177): note: see declaration of 'sf::Text::setColor'
Main.cpp(788): error C4996: 'sf::Text::setColor': was declared deprecated
  C:\Users\Karl\Google Drive\Kurser\Object Oriented Programming DV1537\FalloutHacking\FalloutHacking\lib\SFML\include\SFML/Graphics/Text.hpp(177): note: see declaration of 'sf::Text::setColor'
Main.cpp(793): error C4996: 'sf::Text::setColor': was declared deprecated
  C:\Users\Karl\Google Drive\Kurser\Object Oriented Programming DV1537\FalloutHacking\FalloutHacking\lib\SFML\include\SFML/Graphics/Text.hpp(177): note: see declaration of 'sf::Text::setColor'
  MouseControl.cpp
c:\users\karl\google drive\kurser\object oriented programming dv1537\fallouthacking\fallouthacking\FileManager.h(24): warning C4091: 'static ': ignored on left of 'FileManager' when no variable is declared
c:\users\karl\google drive\kurser\object oriented programming dv1537\fallouthacking\fallouthacking\MouseControl.h(21): warning C4091: 'static ': ignored on left of 'MouseControl' when no variable is declared
MouseControl.cpp(89): warning C4244: 'argument': conversion from 'double' to 'float', possible loss of data
MouseControl.cpp(94): warning C4244: 'argument': conversion from 'double' to 'float', possible loss of data
MouseControl.cpp(107): warning C4244: 'argument': conversion from 'double' to 'float', possible loss of data
MouseControl.cpp(112): warning C4244: 'argument': conversion from 'double' to 'float', possible loss of data
MouseControl.cpp(125): warning C4244: 'argument': conversion from 'double' to 'float', possible loss of data
MouseControl.cpp(130): warning C4244: 'argument': conversion from 'double' to 'float', possible loss of data
MouseControl.cpp(147): warning C4244: 'argument': conversion from 'double' to 'float', possible loss of data
MouseControl.cpp(152): warning C4244: 'argument': conversion from 'double' to 'float', possible loss of data
MouseControl.cpp(181): warning C4244: 'argument': conversion from 'double' to 'float', possible loss of data
MouseControl.cpp(182): warning C4244: 'argument': conversion from 'double' to 'float', possible loss of data
MouseControl.cpp(206): warning C4244: 'argument': conversion from 'double' to 'float', possible loss of data
MouseControl.cpp(207): warning C4244: 'argument': conversion from 'double' to 'float', possible loss of data
MouseControl.cpp(224): warning C4244: 'argument': conversion from 'double' to 'float', possible loss of data
MouseControl.cpp(228): warning C4244: 'argument': conversion from 'double' to 'float', possible loss of data
MouseControl.cpp(248): warning C4244: 'argument': conversion from 'double' to 'float', possible loss of data
MouseControl.cpp(249): warning C4244: 'argument': conversion from 'double' to 'float', possible loss of data
MouseControl.cpp(269): warning C4244: 'argument': conversion from 'double' to 'float', possible loss of data
MouseControl.cpp(270): warning C4244: 'argument': conversion from 'double' to 'float', possible loss of data
MouseControl.cpp(303): warning C4244: 'argument': conversion from 'double' to 'float', possible loss of data
MouseControl.cpp(307): warning C4244: 'argument': conversion from 'double' to 'float', possible loss of data
MouseControl.cpp(319): warning C4244: 'argument': conversion from 'double' to 'float', possible loss of data
MouseControl.cpp(323): warning C4244: 'argument': conversion from 'double' to 'float', possible loss of data
MouseControl.cpp(335): warning C4244: 'argument': conversion from 'double' to 'float', possible loss of data
MouseControl.cpp(339): warning C4244: 'argument': conversion from 'double' to 'float', possible loss of data
MouseControl.cpp(354): warning C4244: 'argument': conversion from 'double' to 'float', possible loss of data
MouseControl.cpp(358): warning C4244: 'argument': conversion from 'double' to 'float', possible loss of data
MouseControl.cpp(380): warning C4244: 'argument': conversion from 'double' to 'float', possible loss of data
MouseControl.cpp(381): warning C4244: 'argument': conversion from 'double' to 'float', possible loss of data
MouseControl.cpp(403): warning C4244: 'argument': conversion from 'double' to 'float', possible loss of data
MouseControl.cpp(404): warning C4244: 'argument': conversion from 'double' to 'float', possible loss of data
MouseControl.cpp(422): warning C4244: 'argument': conversion from 'double' to 'float', possible loss of data
MouseControl.cpp(423): warning C4244: 'argument': conversion from 'double' to 'float', possible loss of data
MouseControl.cpp(441): warning C4244: 'argument': conversion from 'double' to 'float', possible loss of data
MouseControl.cpp(445): warning C4244: 'argument': conversion from 'double' to 'float', possible loss of data
MouseControl.cpp(460): warning C4244: 'argument': conversion from 'double' to 'float', possible loss of data
MouseControl.cpp(461): warning C4244: 'argument': conversion from 'double' to 'float', possible loss of data
MouseControl.cpp(90): error C4996: 'sf::Text::setColor': was declared deprecated
  C:\Users\Karl\Google Drive\Kurser\Object Oriented Programming DV1537\FalloutHacking\FalloutHacking\lib\SFML\include\SFML/Graphics/Text.hpp(177): note: see declaration of 'sf::Text::setColor'
MouseControl.cpp(108): error C4996: 'sf::Text::setColor': was declared deprecated
  C:\Users\Karl\Google Drive\Kurser\Object Oriented Programming DV1537\FalloutHacking\FalloutHacking\lib\SFML\include\SFML/Graphics/Text.hpp(177): note: see declaration of 'sf::Text::setColor'
MouseControl.cpp(126): error C4996: 'sf::Text::setColor': was declared deprecated
  C:\Users\Karl\Google Drive\Kurser\Object Oriented Programming DV1537\FalloutHacking\FalloutHacking\lib\SFML\include\SFML/Graphics/Text.hpp(177): note: see declaration of 'sf::Text::setColor'
MouseControl.cpp(148): error C4996: 'sf::Text::setColor': was declared deprecated
  C:\Users\Karl\Google Drive\Kurser\Object Oriented Programming DV1537\FalloutHacking\FalloutHacking\lib\SFML\include\SFML/Graphics/Text.hpp(177): note: see declaration of 'sf::Text::setColor'
MouseControl.cpp(185): error C4996: 'sf::Text::setColor': was declared deprecated
  C:\Users\Karl\Google Drive\Kurser\Object Oriented Programming DV1537\FalloutHacking\FalloutHacking\lib\SFML\include\SFML/Graphics/Text.hpp(177): note: see declaration of 'sf::Text::setColor'
MouseControl.cpp(210): error C4996: 'sf::Text::setColor': was declared deprecated
  C:\Users\Karl\Google Drive\Kurser\Object Oriented Programming DV1537\FalloutHacking\FalloutHacking\lib\SFML\include\SFML/Graphics/Text.hpp(177): note: see declaration of 'sf::Text::setColor'
MouseControl.cpp(225): error C4996: 'sf::Text::setColor': was declared deprecated
  C:\Users\Karl\Google Drive\Kurser\Object Oriented Programming DV1537\FalloutHacking\FalloutHacking\lib\SFML\include\SFML/Graphics/Text.hpp(177): note: see declaration of 'sf::Text::setColor'
MouseControl.cpp(252): error C4996: 'sf::Text::setColor': was declared deprecated
  C:\Users\Karl\Google Drive\Kurser\Object Oriented Programming DV1537\FalloutHacking\FalloutHacking\lib\SFML\include\SFML/Graphics/Text.hpp(177): note: see declaration of 'sf::Text::setColor'
MouseControl.cpp(273): error C4996: 'sf::Text::setColor': was declared deprecated
  C:\Users\Karl\Google Drive\Kurser\Object Oriented Programming DV1537\FalloutHacking\FalloutHacking\lib\SFML\include\SFML/Graphics/Text.hpp(177): note: see declaration of 'sf::Text::setColor'
MouseControl.cpp(304): error C4996: 'sf::Text::setColor': was declared deprecated
  C:\Users\Karl\Google Drive\Kurser\Object Oriented Programming DV1537\FalloutHacking\FalloutHacking\lib\SFML\include\SFML/Graphics/Text.hpp(177): note: see declaration of 'sf::Text::setColor'
MouseControl.cpp(320): error C4996: 'sf::Text::setColor': was declared deprecated
  C:\Users\Karl\Google Drive\Kurser\Object Oriented Programming DV1537\FalloutHacking\FalloutHacking\lib\SFML\include\SFML/Graphics/Text.hpp(177): note: see declaration of 'sf::Text::setColor'
MouseControl.cpp(336): error C4996: 'sf::Text::setColor': was declared deprecated
  C:\Users\Karl\Google Drive\Kurser\Object Oriented Programming DV1537\FalloutHacking\FalloutHacking\lib\SFML\include\SFML/Graphics/Text.hpp(177): note: see declaration of 'sf::Text::setColor'
MouseControl.cpp(355): error C4996: 'sf::Text::setColor': was declared deprecated
  C:\Users\Karl\Google Drive\Kurser\Object Oriented Programming DV1537\FalloutHacking\FalloutHacking\lib\SFML\include\SFML/Graphics/Text.hpp(177): note: see declaration of 'sf::Text::setColor'
MouseControl.cpp(384): error C4996: 'sf::Text::setColor': was declared deprecated
  C:\Users\Karl\Google Drive\Kurser\Object Oriented Programming DV1537\FalloutHacking\FalloutHacking\lib\SFML\include\SFML/Graphics/Text.hpp(177): note: see declaration of 'sf::Text::setColor'
MouseControl.cpp(407): error C4996: 'sf::Text::setColor': was declared deprecated
  C:\Users\Karl\Google Drive\Kurser\Object Oriented Programming DV1537\FalloutHacking\FalloutHacking\lib\SFML\include\SFML/Graphics/Text.hpp(177): note: see declaration of 'sf::Text::setColor'
MouseControl.cpp(426): error C4996: 'sf::Text::setColor': was declared deprecated
  C:\Users\Karl\Google Drive\Kurser\Object Oriented Programming DV1537\FalloutHacking\FalloutHacking\lib\SFML\include\SFML/Graphics/Text.hpp(177): note: see declaration of 'sf::Text::setColor'
MouseControl.cpp(442): error C4996: 'sf::Text::setColor': was declared deprecated
  C:\Users\Karl\Google Drive\Kurser\Object Oriented Programming DV1537\FalloutHacking\FalloutHacking\lib\SFML\include\SFML/Graphics/Text.hpp(177): note: see declaration of 'sf::Text::setColor'
MouseControl.cpp(464): error C4996: 'sf::Text::setColor': was declared deprecated
  C:\Users\Karl\Google Drive\Kurser\Object Oriented Programming DV1537\FalloutHacking\FalloutHacking\lib\SFML\include\SFML/Graphics/Text.hpp(177): note: see declaration of 'sf::Text::setColor'
  Symbol.cpp
  Word.cpp
